<?xml version="1.0" encoding="UTF-8"?>
<!-- Generated by org.testng.reporters.JUnitReportReporter -->
<testsuite skipped="0" hostname="ip-172-31-91-231" name="test.LoginTest" tests="3" failures="0" timestamp="02 Dec 2021 05:57:49 GMT" time="11.970" errors="0">
  <testcase name="NegativeLogin" time="4.462" classname="test.LoginTest"/>
  <testcase name="positiveLogin" time="2.929" classname="test.LoginTest"/>
  <testcase name="ExcelTest" time="4.579" classname="test.LoginTest"/>
</testsuite> <!-- test.LoginTest -->
