<?xml version="1.0" encoding="UTF-8"?>
<!-- Generated by org.testng.reporters.JUnitReportReporter -->
<testsuite skipped="0" hostname="ip-172-31-91-231" name="test.GridTest" tests="1" failures="0" timestamp="06 Dec 2021 06:29:20 GMT" time="1.445" errors="0">
  <testcase name="LaunchBrowser" time="1.445" classname="test.GridTest"/>
</testsuite> <!-- test.GridTest -->
