<?xml version="1.0" encoding="UTF-8"?>
<!-- Generated by org.testng.reporters.JUnitReportReporter -->
<testsuite skipped="0" hostname="ip-172-31-91-231" name="test.LoginTest" tests="3" failures="0" timestamp="06 Dec 2021 04:35:15 GMT" time="10.974" errors="0">
  <testcase name="NegativeLogin" time="4.051" classname="test.LoginTest"/>
  <testcase name="positiveLogin" time="2.720" classname="test.LoginTest"/>
  <testcase name="ExcelTest" time="4.203" classname="test.LoginTest"/>
</testsuite> <!-- test.LoginTest -->
