<?xml version="1.0" encoding="UTF-8"?>
<!-- Generated by org.testng.reporters.JUnitReportReporter -->
<testsuite skipped="0" hostname="ip-172-31-91-231" name="test.LoginTest" tests="3" failures="0" timestamp="03 Dec 2021 04:35:17 GMT" time="12.228" errors="0">
  <testcase name="ExcelTest" time="3.532" classname="test.LoginTest"/>
  <testcase name="NegativeLogin" time="4.543" classname="test.LoginTest"/>
  <testcase name="positiveLogin" time="4.153" classname="test.LoginTest"/>
</testsuite> <!-- test.LoginTest -->
